<?xml version="1.0" encoding="UTF-8"?>
<!-- Generated by org.testng.reporters.JUnitReportReporter -->
<testsuite skipped="2" hostname="DESKTOP-B853B57" name="com.sgtesting.restAssuredCompany.SiginCompany" tests="6" failures="0" timestamp="2022-10-13T12:11:29 IST" time="5.017" errors="0">
  <testcase name="sigInDemo" time="1.481" classname="com.sgtesting.restAssuredCompany.SiginCompany"/>
  <system-out/>
  <testcase name="getAllCompany" time="1.170" classname="com.sgtesting.restAssuredCompany.SiginCompany"/>
  <system-out/>
  <testcase name="getsingleCompany" time="1.232" classname="com.sgtesting.restAssuredCompany.SiginCompany"/>
  <system-out/>
  <testcase name="deleteCompany" time="1.134" classname="com.sgtesting.restAssuredCompany.SiginCompany"/>
  <system-out/>
  <testcase name="editCompany" classname="com.sgtesting.restAssuredCompany.SiginCompany">
    <skipped/>
  </testcase> <!-- editCompany -->
  <system-out/>
  <testcase name="createCompany" classname="com.sgtesting.restAssuredCompany.SiginCompany">
    <skipped/>
  </testcase> <!-- createCompany -->
  <system-out/>
</testsuite> <!-- com.sgtesting.restAssuredCompany.SiginCompany -->
