<?xml version="1.0" encoding="UTF-8"?>
<!-- Generated by org.testng.reporters.JUnitReportReporter -->
<testsuite skipped="3" hostname="DESKTOP-B853B57" name="com.sgtesting.restassured.RestAssuredInDemo2" tests="6" failures="0" timestamp="2022-10-18T17:08:23 IST" time="10.812" errors="0">
  <testcase name="signIn" time="8.313" classname="com.sgtesting.restassured.RestAssuredInDemo2"/>
  <system-out/>
  <testcase name="UserDetails" time="1.261" classname="com.sgtesting.restassured.RestAssuredInDemo2"/>
  <system-out/>
  <testcase name="signout" time="1.238" classname="com.sgtesting.restassured.RestAssuredInDemo2"/>
  <system-out/>
  <testcase name="modifyUser" classname="com.sgtesting.restassured.RestAssuredInDemo2">
    <skipped/>
  </testcase> <!-- modifyUser -->
  <system-out/>
  <testcase name="createUser" classname="com.sgtesting.restassured.RestAssuredInDemo2">
    <skipped/>
  </testcase> <!-- createUser -->
  <system-out/>
  <testcase name="deleteuser" classname="com.sgtesting.restassured.RestAssuredInDemo2">
    <skipped/>
  </testcase> <!-- deleteuser -->
  <system-out/>
</testsuite> <!-- com.sgtesting.restassured.RestAssuredInDemo2 -->
