<?xml version="1.0" encoding="UTF-8"?>
<!-- Generated by org.testng.reporters.JUnitReportReporter -->
<testsuite skipped="0" hostname="DESKTOP-B853B57" name="com.sgtesting.restassuredinpeace.PojoToJsonDemo" tests="3" failures="0" timestamp="2022-10-13T12:11:29 IST" time="0.627" errors="0">
  <testcase name="jsonObjecDemo" time="0.595" classname="com.sgtesting.restassuredinpeace.PojoToJsonDemo"/>
  <system-out/>
  <testcase name="jsonObjectDemo1" time="0.011" classname="com.sgtesting.restassuredinpeace.PojoToJsonDemo"/>
  <system-out/>
  <testcase name="jsonObjectDemo2" time="0.021" classname="com.sgtesting.restassuredinpeace.PojoToJsonDemo"/>
  <system-out/>
</testsuite> <!-- com.sgtesting.restassuredinpeace.PojoToJsonDemo -->
