<?xml version="1.0" encoding="UTF-8"?>
<!-- Generated by org.testng.reporters.JUnitReportReporter -->
<testsuite skipped="3" hostname="DESKTOP-B853B57" name="com.sgtesting.restassuredinpeace.SiginDemoRest" tests="5" failures="0" timestamp="2022-10-13T12:11:29 IST" time="13.346" errors="0">
  <testcase name="sigInDemo" time="12.023" classname="com.sgtesting.restassuredinpeace.SiginDemoRest"/>
  <system-out/>
  <testcase name="getAllUser" time="1.323" classname="com.sgtesting.restassuredinpeace.SiginDemoRest"/>
  <system-out/>
  <testcase name="createUser" classname="com.sgtesting.restassuredinpeace.SiginDemoRest">
    <skipped/>
  </testcase> <!-- createUser -->
  <system-out/>
  <testcase name="editUser" classname="com.sgtesting.restassuredinpeace.SiginDemoRest">
    <skipped/>
  </testcase> <!-- editUser -->
  <system-out/>
  <testcase name="deleteUser" classname="com.sgtesting.restassuredinpeace.SiginDemoRest">
    <skipped/>
  </testcase> <!-- deleteUser -->
  <system-out/>
</testsuite> <!-- com.sgtesting.restassuredinpeace.SiginDemoRest -->
