<?xml version="1.0" encoding="UTF-8"?>
<!-- Generated by org.testng.reporters.JUnitReportReporter -->
<testsuite skipped="0" hostname="DESKTOP-B853B57" name="com.sgtesting.restassured.RestAssuredDemo1" tests="3" failures="0" timestamp="2022-10-11T19:04:04 IST" time="12.941" errors="0">
  <testcase name="Signin" time="9.109" classname="com.sgtesting.restassured.RestAssuredDemo1"/>
  <system-out/>
  <testcase name="CreateUser" time="2.199" classname="com.sgtesting.restassured.RestAssuredDemo1"/>
  <system-out/>
  <testcase name="Modifyuser" time="1.633" classname="com.sgtesting.restassured.RestAssuredDemo1"/>
  <system-out/>
</testsuite> <!-- com.sgtesting.restassured.RestAssuredDemo1 -->
