<?xml version="1.0" encoding="UTF-8"?>
<!-- Generated by org.testng.reporters.JUnitReportReporter -->
<testsuite skipped="2" hostname="DESKTOP-B853B57" name="com.sgtesting.restasssuredproject.SiginProjectScenarios" tests="6" failures="0" timestamp="2022-10-13T11:32:39 IST" time="15.013" errors="0">
  <testcase name="sigInDemo" time="9.492" classname="com.sgtesting.restasssuredproject.SiginProjectScenarios"/>
  <system-out/>
  <testcase name="getProjects" time="1.218" classname="com.sgtesting.restasssuredproject.SiginProjectScenarios"/>
  <system-out/>
  <testcase name="deleteScenario" time="3.053" classname="com.sgtesting.restasssuredproject.SiginProjectScenarios"/>
  <system-out/>
  <testcase name="getSingleProject" time="1.250" classname="com.sgtesting.restasssuredproject.SiginProjectScenarios"/>
  <system-out/>
  <testcase name="modifyProject" classname="com.sgtesting.restasssuredproject.SiginProjectScenarios">
    <skipped/>
  </testcase> <!-- modifyProject -->
  <system-out/>
  <testcase name="createPoject" classname="com.sgtesting.restasssuredproject.SiginProjectScenarios">
    <skipped/>
  </testcase> <!-- createPoject -->
  <system-out/>
</testsuite> <!-- com.sgtesting.restasssuredproject.SiginProjectScenarios -->
